<?xml version="1.0" encoding="UTF-8"?>
<!-- Generated by org.testng.reporters.JUnitXMLReporter -->
<testsuite ignored="0" hostname="DESKTOP-LSFSGRJ" failures="0" tests="2" name="Register_happyTests" time="126.639" errors="0" timestamp="2026-06-17T16:23:17 EEST">
  <testcase classname="tests.Register_happyScenario" name="testRegister_ValidMandatoryAndOptionalFieldsWithNewEmail" time="83.611"/>
  <testcase classname="tests.Register_happyScenario" name="testRegister_ValidMandatoryFieldsWithNewEmail" time="32.911"/>
</testsuite> <!-- Register_happyTests -->
