<?xml version="1.0" encoding="UTF-8"?>
<!-- Generated by org.testng.reporters.JUnitReportReporter -->
<testsuite hostname="DESKTOP-LSFSGRJ" failures="0" tests="2" name="tests.Login_NegativeScenarioWithDDTAndExcelSheet" time="73.482" errors="0" timestamp="2026-06-17T18:52:42 EEST" skipped="0">
  <testcase classname="tests.Login_NegativeScenarioWithDDTAndExcelSheet" name="testLogin_CorrectUsernameAndNotMatchingPassword" time="11.671"/>
  <testcase classname="tests.Login_NegativeScenarioWithDDTAndExcelSheet" name="testLogin_CorrectUsernameAndNotMatchingPassword" time="61.811"/>
</testsuite> <!-- tests.Login_NegativeScenarioWithDDTAndExcelSheet -->
