<?xml version="1.0" encoding="UTF-8"?>
<!-- Generated by org.testng.reporters.JUnitReportReporter -->
<testsuite hostname="DESKTOP-LSFSGRJ" failures="0" tests="2" name="tests.Register_happyScenario" time="91.636" errors="0" timestamp="2026-06-17T17:04:46 EEST" skipped="0">
  <testcase classname="tests.Register_happyScenario" name="testRegister_ValidMandatoryAndOptionalFieldsWithNewEmail" time="72.773"/>
  <testcase classname="tests.Register_happyScenario" name="testRegister_ValidMandatoryFieldsWithNewEmail" time="18.863"/>
</testsuite> <!-- tests.Register_happyScenario -->
