<?xml version="1.0" encoding="UTF-8"?>
<!-- Generated by org.testng.reporters.JUnitReportReporter -->
<testsuite hostname="DESKTOP-LSFSGRJ" failures="0" tests="2" name="tests.Login_NegativeScenario" time="56.038" errors="0" timestamp="2026-06-17T16:37:56 EEST" skipped="0">
  <testcase classname="tests.Login_NegativeScenario" name="testLogin_CorrectUsernameAndNotMatchingPassword" time="6.991"/>
  <testcase classname="tests.Login_NegativeScenario" name="testLogin_InCorrectUsername" time="49.047"/>
</testsuite> <!-- tests.Login_NegativeScenario -->
